<?xml version="1.0" encoding="UTF-8"?>
<con:soapui-project id="871e8fcf-1662-410e-8f2a-b4fc42060328" activeEnvironment="Default" name="Test AdminKonto" resourceRoot="" soapui-version="5.5.0" xmlns:con="http://eviware.com/soapui/config"><con:settings/><con:testSuite id="a4061574-3aff-4870-bf1f-d98f91e54ba6" name="TestSuite 1"><con:settings/><con:runType>SEQUENTIAL</con:runType><con:testCase id="a2ba2ae1-7840-4304-aa8c-45bf47f190fe" failOnError="true" failTestCaseOnErrors="true" keepSession="false" maxResults="0" name="testStep1" searchProperties="true"><con:settings/><con:testStep type="httprequest" name="loggInnAdmin" id="fb8e87a4-c6d7-4232-be9c-588d6e6bd28d"><con:settings/><con:config method="GET" xsi:type="con:HttpRequest" id="50b4662e-5d4f-4d83-9124-66f7b41318df" name="loggInnAdmin" xmlns:xsi="http://www.w3.org/2001/XMLSchema-instance"><con:settings><con:setting id="com.eviware.soapui.impl.wsdl.WsdlRequest@request-headers">&lt;xml-fragment/></con:setting></con:settings><con:endpoint>http://localhost:8080/loggInnAdmin</con:endpoint><con:request/><con:credentials><con:authType>No Authorization</con:authType></con:credentials><con:jmsConfig JMSDeliveryMode="PERSISTENT"/><con:jmsPropertyConfig/><con:parameters><con:parameter><con:name>bruker</con:name><con:value>Admin</con:value><con:style>QUERY</con:style></con:parameter><con:parameter><con:name>passord</con:name><con:value>Admin</con:value><con:style>QUERY</con:style></con:parameter></con:parameters></con:config></con:testStep><con:properties/></con:testCase><con:properties/></con:testSuite><con:properties/><con:wssContainer/><con:oAuth2ProfileContainer/><con:oAuth1ProfileContainer/><con:sensitiveInformation/></con:soapui-project>